<?xml version="1.0" encoding="UTF-8"?>
<!-- Generated by org.testng.reporters.JUnitXMLReporter -->
<testsuite ignored="1" hostname="DESKTOP-EFUJ16N" failures="0" tests="3" name="Surefire test" time="7.738" errors="0" timestamp="2023-12-13T22:30:17 ECT">
  <testcase classname="com.globant.test.SauceDemoTests" name="logoutTest" time="1.279"/>
  <testcase classname="com.globant.test.SauceDemoTests" name="purchaseProductTest" time="1.572"/>
  <testcase classname="com.globant.test.SauceDemoTests" name="removeElementsFromCartTest" time="1.12"/>
  <testcase classname="com.globant.test.BaseTest" name="@AfterTest tearDown" time="0.0">
    <ignored/>
  </testcase> <!-- @AfterTest tearDown -->
</testsuite> <!-- Surefire test -->
